Arguments: 
  /home/novato/.nvm/versions/node/v16.15.0/bin/node /mnt/c/Users/Matheus Corocher/AppData/Roaming/npm/node_modules/yarn/bin/yarn.js

PATH: 
  /home/novato/.nvm/versions/node/v16.15.0/bin:/usr/local/sbin:/usr/local/bin:/usr/sbin:/usr/bin:/sbin:/bin:/usr/games:/usr/local/games:/usr/lib/wsl/lib:/mnt/c/Program Files (x86)/Common Files/Oracle/Java/javapath:/mnt/c/Program Files (x86)/NVIDIA Corporation/PhysX/Common:/mnt/c/Program Files/Microsoft MPI/Bin/:/mnt/c/Program Files (x86)/Intel/Intel(R) Management Engine Components/iCLS/:/mnt/c/Program Files/Intel/Intel(R) Management Engine Components/iCLS/:/mnt/c/WINDOWS/system32:/mnt/c/WINDOWS:/mnt/c/WINDOWS/System32/Wbem:/mnt/c/WINDOWS/System32/WindowsPowerShell/v1.0/:/mnt/c/WINDOWS/System32/OpenSSH/:/mnt/c/Program Files (x86)/Intel/Intel(R) Management Engine Components/DAL:/mnt/c/Program Files/Intel/Intel(R) Management Engine Components/DAL:/mnt/c/Program Files (x86)/Intel/Intel(R) Management Engine Components/IPT:/mnt/c/Program Files/Intel/Intel(R) Management Engine Components/IPT:/mnt/c/Program Files/OpenSSH/bin:/mnt/c/Program Files (x86)/Brackets/command:/mnt/c/Program Files/Intel/WiFi/bin/:/mnt/c/Program Files/Common Files/Intel/WirelessCommon/:/mnt/c/Program Files (x86)/Microsoft SQL Server/150/DTS/Binn/:/mnt/c/Program Files/Microsoft SQL Server/Client SDK/ODBC/130/Tools/Binn/:/mnt/c/Program Files (x86)/Microsoft SQL Server/140/Tools/Binn/:/mnt/c/Program Files/Microsoft SQL Server/140/Tools/Binn/:/mnt/c/Program Files/Microsoft SQL Server/140/DTS/Binn/:/mnt/c/Program Files/Polyspace/R2019a/runtime/win64:/mnt/c/Program Files/Polyspace/R2019a/bin:/mnt/c/Program Files/Polyspace/R2019a/polyspace/bin:/mnt/c/Program Files/Microsoft SQL Server/120/Tools/Binn/:/mnt/c/ProgramData/chocolatey/bin:/mnt/c/Program Files/OpenSSL-Win64/bin:/mnt/c/Users/Matheus Corocher/AppData/Roaming/nvm:/mnt/c/Program Files/nodejs:/mnt/c/Program Files/Graphviz/bin:/mnt/c/Program Files/Docker/Docker/resources/bin:/mnt/c/ProgramData/DockerDesktop/version-bin:/mnt/c/Program Files/Git/cmd:/mnt/c/Users/Matheus Corocher/AppData/Local/Programs/Microsoft VS Code/bin:/mnt/c/Python27:/mnt/c/Users/Matheus Corocher/AppData/Local/Microsoft/WindowsApps:/mnt/c/src/flutter/bin:/mnt/c/Users/Matheus Corocher/AppData/Roaming/Pub/Cache/bin:/mnt/c/tools/Anaconda3/Scripts:/mnt/c/tools/Anaconda3:/mnt/c/tools/dart-sdk/bin:/mnt/c/Users/Matheus Corocher/AppData/Local/Android/Sdk/platform-tools:/mnt/c/Users/Matheus Corocher/AppData/Local/Android/Sdk/tools:/mnt/c/Users/Matheus Corocher/AppData/Roaming/npm:/mnt/c/Users/Matheus Corocher/AppData/Roaming/nvm:/mnt/c/Program Files/nodejs:/mnt/c/Program Files/Graphviz/bin:/snap/bin

Yarn version: 
  1.22.17

Node version: 
  16.15.0

Platform: 
  linux x64

Trace: 
  Error: https://registry.yarnpkg.com/@chancejs%2fgenerator: Not found
      at Request.params.callback [as _callback] (/mnt/c/Users/Matheus Corocher/AppData/Roaming/npm/node_modules/yarn/lib/cli.js:67029:18)
      at Request.self.callback (/mnt/c/Users/Matheus Corocher/AppData/Roaming/npm/node_modules/yarn/lib/cli.js:140883:22)
      at Request.emit (node:events:527:28)
      at Request.<anonymous> (/mnt/c/Users/Matheus Corocher/AppData/Roaming/npm/node_modules/yarn/lib/cli.js:141855:10)
      at Request.emit (node:events:527:28)
      at IncomingMessage.<anonymous> (/mnt/c/Users/Matheus Corocher/AppData/Roaming/npm/node_modules/yarn/lib/cli.js:141777:12)
      at Object.onceWrapper (node:events:641:28)
      at IncomingMessage.emit (node:events:539:35)
      at endReadableNT (node:internal/streams/readable:1345:12)
      at processTicksAndRejections (node:internal/process/task_queues:83:21)

npm manifest: 
  {
    "name": "@chancejs/pickset",
    "version": "1.0.0",
    "description": "Generate a random pickset with Chance.js.",
    "homepage": "https://chancejs.com/",
    "author": "Victor Quinn <mail@victorquinn.com>",
    "main": "./lib/cjs/index.js",
    "module": "./lib/esm/index.js",
    "files": [
      "lib"
    ],
    "scripts": {
      "clean": "rm -rf ./node_modules ./lib ./coverage",
      "lint": "eslint",
      "test": "jest",
      "coverage": "yarn test --coverage",
      "tsc": "tsc -p tsconfig.json && tsc -p tsconfig-cjs.json",
      "prepublish": "yarn build",
      "build": "yarn clean && yarn tsc",
      "prepare": "yarn build"
    },
    "repository": {
      "type": "git",
      "url": "git+https://github.com/chancejs/chancejs.git"
    },
    "license": "MIT",
    "bugs": {
      "url": "https://github.com/chancejs/chancejs/issues"
    },
    "devDependencies": {
      "@types/jest": "^27.4.1",
      "eslint": "^8.14.0",
      "jest": "^27.5.1",
      "ts-jest": "^27.1.4",
      "ts-node": "^10.7.0",
      "typescript": "^4.6.3"
    },
    "dependencies": {
      "@chancejs/generator": "1.0.0"
    }
  }

yarn manifest: 
  No manifest

Lockfile: 
  No lockfile
